<?xml version="1.0" encoding="UTF-8"?>
<!-- Generated by org.testng.reporters.JUnitXMLReporter -->
<testsuite ignored="0" hostname="SSTPRLAP093" failures="0" tests="6" name="Default test" time="66.912" errors="0" timestamp="2022-03-28T23:03:44 IST">
  <testcase classname="PageObject.SmokeTest" name="url" time="16.289"/>
  <testcase classname="PageObject.SmokeTest" name="startbusinessPage" time="8.346"/>
  <testcase classname="PageObject.SmokeTest" name="businessPage" time="8.456"/>
  <testcase classname="PageObject.SmokeTest" name="questionsPage" time="25.024"/>
  <testcase classname="PageObject.SmokeTest" name="loginPage" time="2.099"/>
  <testcase classname="PageObject.SmokeTest" name="pageEnd" time="0.004"/>
</testsuite> <!-- Default test -->
